2016/11/08 08:08:22 [error] [exception.CHttpException.404] exception 'CHttpException' with message 'Sistem tidak bisa menemukan action "admin" seperti yang diminta.' in F:\xampp\htdocs\yii\framework\web\CController.php:483
Stack trace:
#0 F:\xampp\htdocs\yii\framework\web\CController.php(270): CController->missingAction('admin')
#1 F:\xampp\htdocs\yii\framework\web\CWebApplication.php(282): CController->run('admin')
#2 F:\xampp\htdocs\yii\framework\web\CWebApplication.php(141): CWebApplication->runController('site/admin')
#3 F:\xampp\htdocs\yii\framework\base\CApplication.php(169): CWebApplication->processRequest()
#4 F:\xampp\htdocs\kkstore\index.php(15): CApplication->run()
#5 {main}
REQUEST_URI=/kkstore/index.php?r=site/admin
---
2016/11/08 08:12:58 [error] [exception.CHttpException.404] exception 'CHttpException' with message 'Tidak bisa mengurai request "/backend/javascript:;"' in F:\xampp\htdocs\yii\framework\web\CWebApplication.php:286
Stack trace:
#0 F:\xampp\htdocs\yii\framework\web\CWebApplication.php(141): CWebApplication->runController('/backend/javasc...')
#1 F:\xampp\htdocs\yii\framework\base\CApplication.php(169): CWebApplication->processRequest()
#2 F:\xampp\htdocs\kkstore\index.php(15): CApplication->run()
#3 {main}
REQUEST_URI=/kkstore/index.php?r=/backend/javascript:;
HTTP_REFERER=http://localhost/kkstore/index.php?r=product/create
---
2016/11/08 13:30:52 [error] [exception.CException] exception 'CException' with message 'Properti "WebUser.record" tidak didefinisikan.' in F:\xampp\htdocs\yii\framework\base\CComponent.php:130
Stack trace:
#0 F:\xampp\htdocs\yii\framework\web\auth\CWebUser.php(140): CComponent->__get('record')
#1 F:\xampp\htdocs\kkstore\themes\store\views\layouts\back\tpl_navigation.php(14): CWebUser->__get('record')
#2 F:\xampp\htdocs\kkstore\themes\store\views\layouts\back_page.php(5): include_once('F:\\xampp\\htdocs...')
#3 F:\xampp\htdocs\yii\framework\web\CBaseController.php(126): require('F:\\xampp\\htdocs...')
#4 F:\xampp\htdocs\yii\framework\web\CBaseController.php(95): CBaseController->renderInternal('F:\\xampp\\htdocs...', Array, true)
#5 F:\xampp\htdocs\yii\framework\web\CController.php(784): CBaseController->renderFile('F:\\xampp\\htdocs...', Array, true)
#6 F:\xampp\htdocs\kkstore\protected\controllers\SiteController.php(37): CController->render('dashboard')
#7 F:\xampp\htdocs\yii\framework\web\actions\CInlineAction.php(49): SiteController->actionDashboard()
#8 F:\xampp\htdocs\yii\framework\web\CController.php(308): CInlineAction->runWithParams(Array)
#9 F:\xampp\htdocs\yii\framework\web\CController.php(286): CController->runAction(Object(CInlineAction))
#10 F:\xampp\htdocs\yii\framework\web\CController.php(265): CController->runActionWithFilters(Object(CInlineAction), Array)
#11 F:\xampp\htdocs\yii\framework\web\CWebApplication.php(282): CController->run('dashboard')
#12 F:\xampp\htdocs\yii\framework\web\CWebApplication.php(141): CWebApplication->runController('site/dashboard')
#13 F:\xampp\htdocs\yii\framework\base\CApplication.php(169): CWebApplication->processRequest()
#14 F:\xampp\htdocs\kkstore\index.php(15): CApplication->run()
#15 {main}
REQUEST_URI=/kkstore/index.php?r=site/dashboard
---
2016/11/08 16:03:30 [error] [exception.CHttpException.404] exception 'CHttpException' with message 'Sistem tidak bisa menemukan action "data" seperti yang diminta.' in F:\xampp\htdocs\yii\framework\web\CController.php:483
Stack trace:
#0 F:\xampp\htdocs\yii\framework\web\CController.php(270): CController->missingAction('data')
#1 F:\xampp\htdocs\yii\framework\web\CWebApplication.php(282): CController->run('data')
#2 F:\xampp\htdocs\yii\framework\web\CWebApplication.php(141): CWebApplication->runController('tag/data')
#3 F:\xampp\htdocs\yii\framework\base\CApplication.php(169): CWebApplication->processRequest()
#4 F:\xampp\htdocs\kkstore\index.php(15): CApplication->run()
#5 {main}
REQUEST_URI=/kkstore/index.php?r=tag/data
HTTP_REFERER=http://localhost/kkstore/index.php?r=product/create
---
2016/11/08 16:03:33 [error] [exception.CHttpException.404] exception 'CHttpException' with message 'Sistem tidak bisa menemukan action "data" seperti yang diminta.' in F:\xampp\htdocs\yii\framework\web\CController.php:483
Stack trace:
#0 F:\xampp\htdocs\yii\framework\web\CController.php(270): CController->missingAction('data')
#1 F:\xampp\htdocs\yii\framework\web\CWebApplication.php(282): CController->run('data')
#2 F:\xampp\htdocs\yii\framework\web\CWebApplication.php(141): CWebApplication->runController('tag/data')
#3 F:\xampp\htdocs\yii\framework\base\CApplication.php(169): CWebApplication->processRequest()
#4 F:\xampp\htdocs\kkstore\index.php(15): CApplication->run()
#5 {main}
REQUEST_URI=/kkstore/index.php?r=tag/data
HTTP_REFERER=http://localhost/kkstore/index.php?r=product/create
---
2016/11/08 16:06:38 [error] [php] Undefined index: category_id (F:\xampp\htdocs\kkstore\protected\controllers\TagController.php:182)
Stack trace:
#0 F:\xampp\htdocs\yii\framework\web\filters\CFilterChain.php(133): TagController->runAction()
#1 F:\xampp\htdocs\yii\framework\web\filters\CFilter.php(40): CFilterChain->run()
#2 F:\xampp\htdocs\yii\framework\web\CController.php(1145): CAccessControlFilter->filter()
#3 F:\xampp\htdocs\yii\framework\web\filters\CInlineFilter.php(58): TagController->filterAccessControl()
#4 F:\xampp\htdocs\yii\framework\web\filters\CFilterChain.php(130): CInlineFilter->filter()
#5 F:\xampp\htdocs\yii\framework\web\CController.php(291): CFilterChain->run()
#6 F:\xampp\htdocs\yii\framework\web\CController.php(265): TagController->runActionWithFilters()
#7 F:\xampp\htdocs\yii\framework\web\CWebApplication.php(282): TagController->run()
#8 F:\xampp\htdocs\yii\framework\web\CWebApplication.php(141): CWebApplication->runController()
#9 F:\xampp\htdocs\yii\framework\base\CApplication.php(169): CWebApplication->processRequest()
#10 F:\xampp\htdocs\kkstore\index.php(15): CWebApplication->run()
REQUEST_URI=/kkstore/index.php?r=tag/data
2016/11/08 16:06:40 [error] [php] Undefined index: category_id (F:\xampp\htdocs\kkstore\protected\controllers\TagController.php:182)
Stack trace:
#0 F:\xampp\htdocs\yii\framework\web\filters\CFilterChain.php(133): TagController->runAction()
#1 F:\xampp\htdocs\yii\framework\web\filters\CFilter.php(40): CFilterChain->run()
#2 F:\xampp\htdocs\yii\framework\web\CController.php(1145): CAccessControlFilter->filter()
#3 F:\xampp\htdocs\yii\framework\web\filters\CInlineFilter.php(58): TagController->filterAccessControl()
#4 F:\xampp\htdocs\yii\framework\web\filters\CFilterChain.php(130): CInlineFilter->filter()
#5 F:\xampp\htdocs\yii\framework\web\CController.php(291): CFilterChain->run()
#6 F:\xampp\htdocs\yii\framework\web\CController.php(265): TagController->runActionWithFilters()
#7 F:\xampp\htdocs\yii\framework\web\CWebApplication.php(282): TagController->run()
#8 F:\xampp\htdocs\yii\framework\web\CWebApplication.php(141): CWebApplication->runController()
#9 F:\xampp\htdocs\yii\framework\base\CApplication.php(169): CWebApplication->processRequest()
#10 F:\xampp\htdocs\kkstore\index.php(15): CWebApplication->run()
REQUEST_URI=/kkstore/index.php?r=tag/data
2016/11/08 16:08:02 [error] [php] Undefined index: category_id (F:\xampp\htdocs\kkstore\protected\controllers\TagController.php:182)
Stack trace:
#0 F:\xampp\htdocs\yii\framework\web\filters\CFilterChain.php(133): TagController->runAction()
#1 F:\xampp\htdocs\yii\framework\web\filters\CFilter.php(40): CFilterChain->run()
#2 F:\xampp\htdocs\yii\framework\web\CController.php(1145): CAccessControlFilter->filter()
#3 F:\xampp\htdocs\yii\framework\web\filters\CInlineFilter.php(58): TagController->filterAccessControl()
#4 F:\xampp\htdocs\yii\framework\web\filters\CFilterChain.php(130): CInlineFilter->filter()
#5 F:\xampp\htdocs\yii\framework\web\CController.php(291): CFilterChain->run()
#6 F:\xampp\htdocs\yii\framework\web\CController.php(265): TagController->runActionWithFilters()
#7 F:\xampp\htdocs\yii\framework\web\CWebApplication.php(282): TagController->run()
#8 F:\xampp\htdocs\yii\framework\web\CWebApplication.php(141): CWebApplication->runController()
#9 F:\xampp\htdocs\yii\framework\base\CApplication.php(169): CWebApplication->processRequest()
#10 F:\xampp\htdocs\kkstore\index.php(15): CWebApplication->run()
REQUEST_URI=/kkstore/index.php?r=tag/data
2016/11/08 16:10:15 [error] [php] Undefined index: category_id (F:\xampp\htdocs\kkstore\protected\controllers\TagController.php:182)
Stack trace:
#0 F:\xampp\htdocs\yii\framework\web\filters\CFilterChain.php(133): TagController->runAction()
#1 F:\xampp\htdocs\yii\framework\web\filters\CFilter.php(40): CFilterChain->run()
#2 F:\xampp\htdocs\yii\framework\web\CController.php(1145): CAccessControlFilter->filter()
#3 F:\xampp\htdocs\yii\framework\web\filters\CInlineFilter.php(58): TagController->filterAccessControl()
#4 F:\xampp\htdocs\yii\framework\web\filters\CFilterChain.php(130): CInlineFilter->filter()
#5 F:\xampp\htdocs\yii\framework\web\CController.php(291): CFilterChain->run()
#6 F:\xampp\htdocs\yii\framework\web\CController.php(265): TagController->runActionWithFilters()
#7 F:\xampp\htdocs\yii\framework\web\CWebApplication.php(282): TagController->run()
#8 F:\xampp\htdocs\yii\framework\web\CWebApplication.php(141): CWebApplication->runController()
#9 F:\xampp\htdocs\yii\framework\base\CApplication.php(169): CWebApplication->processRequest()
#10 F:\xampp\htdocs\kkstore\index.php(15): CWebApplication->run()
REQUEST_URI=/kkstore/index.php?r=tag/data
2016/11/08 16:10:17 [error] [php] Undefined index: category_id (F:\xampp\htdocs\kkstore\protected\controllers\TagController.php:182)
Stack trace:
#0 F:\xampp\htdocs\yii\framework\web\filters\CFilterChain.php(133): TagController->runAction()
#1 F:\xampp\htdocs\yii\framework\web\filters\CFilter.php(40): CFilterChain->run()
#2 F:\xampp\htdocs\yii\framework\web\CController.php(1145): CAccessControlFilter->filter()
#3 F:\xampp\htdocs\yii\framework\web\filters\CInlineFilter.php(58): TagController->filterAccessControl()
#4 F:\xampp\htdocs\yii\framework\web\filters\CFilterChain.php(130): CInlineFilter->filter()
#5 F:\xampp\htdocs\yii\framework\web\CController.php(291): CFilterChain->run()
#6 F:\xampp\htdocs\yii\framework\web\CController.php(265): TagController->runActionWithFilters()
#7 F:\xampp\htdocs\yii\framework\web\CWebApplication.php(282): TagController->run()
#8 F:\xampp\htdocs\yii\framework\web\CWebApplication.php(141): CWebApplication->runController()
#9 F:\xampp\htdocs\yii\framework\base\CApplication.php(169): CWebApplication->processRequest()
#10 F:\xampp\htdocs\kkstore\index.php(15): CWebApplication->run()
REQUEST_URI=/kkstore/index.php?r=tag/data
